0 info it worked if it ends with ok
1 verbose cli [
1 verbose cli   'C:\\Program Files\\nodejs\\node.exe',
1 verbose cli   'C:\\Program Files\\nodejs\\node_modules\\npm\\bin\\npm-cli.js',
1 verbose cli   'run',
1 verbose cli   'myStart'
1 verbose cli ]
2 info using npm@6.14.13
3 info using node@v14.17.0
4 verbose run-script [ 'premyStart', 'myStart', 'postmyStart' ]
5 info lifecycle pokedex@0.1.0~premyStart: pokedex@0.1.0
6 info lifecycle pokedex@0.1.0~myStart: pokedex@0.1.0
7 verbose lifecycle pokedex@0.1.0~myStart: unsafe-perm in lifecycle true
8 verbose lifecycle pokedex@0.1.0~myStart: PATH: C:\Program Files\nodejs\node_modules\npm\node_modules\npm-lifecycle\node-gyp-bin;D:\learning\EPAM\final\final-project\pokedex\node_modules\.bin;C:\Users\Viktor Kozin\bin;C:\Users\Viktor Kozin\Documents\bin;C:\Users\Viktor Kozin\Documents\vendor\bin;C:\Users\Viktor Kozin\Documents\vendor\git-for-windows\mingw64\bin;C:\Users\Viktor Kozin\Documents\vendor\git-for-windows\usr\local\bin;C:\Users\Viktor Kozin\Documents\vendor\git-for-windows\usr\bin;C:\Users\Viktor Kozin\Documents\vendor\git-for-windows\usr\bin;C:\Users\Viktor Kozin\Documents\vendor\git-for-windows\mingw64\bin;C:\Users\Viktor Kozin\Documents\vendor\git-for-windows\usr\bin;C:\Users\Viktor Kozin\bin;C:\Users\Viktor Kozin\Documents\vendor\conemu-maximus5\ConEmu\Scripts;C:\Users\Viktor Kozin\Documents\vendor\conemu-maximus5;C:\Users\Viktor Kozin\Documents\vendor\conemu-maximus5\ConEmu;C:\Program Files (x86)\Cuminas\Document Express DjVu Plug-in;C:\Program Files\Git\usr\local\bin;C:\Program Files\Java\jdk-11.0.2\bin;C:\Program Files\Git\bin;C:\WINDOWS\system32;C:\WINDOWS;C:\WINDOWS\System32\Wbem;C:\WINDOWS\System32\WindowsPowerShell\v1.0;C:\WINDOWS\System32\OpenSSH;C:\Program Files (x86)\Brackets\command;C:\Program Files\NVIDIA Corporation\NVIDIA NvDLISR;C:\Program Files (x86)\NVIDIA Corporation\PhysX\Common;C:\Program Files\Git\cmd;C:\WINDOWS\system32;C:\WINDOWS;C:\WINDOWS\System32\Wbem;C:\WINDOWS\System32\WindowsPowerShell\v1.0;C:\WINDOWS\System32\OpenSSH;C:\Program Files\nodejs;C:\Users\Viktor Kozin\AppData\Local\Microsoft\WindowsApps;C:\Users\Viktor Kozin\AppData\Local\Programs\Microsoft VS Code\bin;C:\Users\Viktor Kozin\AppData\Local\GitHubDesktop\bin;C:\Program Files\JetBrains\WebStorm 2020.2.3\bin;C:\Users\Viktor Kozin\AppData\Roaming\npm;C:\Users\Viktor Kozin\Documents;C:\Users\Viktor Kozin\Documents\vendor\git-for-windows\usr\bin\vendor_perl;C:\Users\Viktor Kozin\Documents\vendor\git-for-windows\usr\bin\core_perl
9 verbose lifecycle pokedex@0.1.0~myStart: CWD: D:\learning\EPAM\final\final-project\pokedex
10 silly lifecycle pokedex@0.1.0~myStart: Args: [ '/d /s /c', 'npm-run-all --parallel start server' ]
11 silly lifecycle pokedex@0.1.0~myStart: Returned: code: 1  signal: null
12 info lifecycle pokedex@0.1.0~myStart: Failed to exec myStart script
13 verbose stack Error: pokedex@0.1.0 myStart: `npm-run-all --parallel start server`
13 verbose stack Exit status 1
13 verbose stack     at EventEmitter.<anonymous> (C:\Program Files\nodejs\node_modules\npm\node_modules\npm-lifecycle\index.js:332:16)
13 verbose stack     at EventEmitter.emit (events.js:376:20)
13 verbose stack     at ChildProcess.<anonymous> (C:\Program Files\nodejs\node_modules\npm\node_modules\npm-lifecycle\lib\spawn.js:55:14)
13 verbose stack     at ChildProcess.emit (events.js:376:20)
13 verbose stack     at maybeClose (internal/child_process.js:1055:16)
13 verbose stack     at Process.ChildProcess._handle.onexit (internal/child_process.js:288:5)
14 verbose pkgid pokedex@0.1.0
15 verbose cwd D:\learning\EPAM\final\final-project\pokedex
16 verbose Windows_NT 10.0.19042
17 verbose argv "C:\\Program Files\\nodejs\\node.exe" "C:\\Program Files\\nodejs\\node_modules\\npm\\bin\\npm-cli.js" "run" "myStart"
18 verbose node v14.17.0
19 verbose npm  v6.14.13
20 error code ELIFECYCLE
21 error errno 1
22 error pokedex@0.1.0 myStart: `npm-run-all --parallel start server`
22 error Exit status 1
23 error Failed at the pokedex@0.1.0 myStart script.
23 error This is probably not a problem with npm. There is likely additional logging output above.
24 verbose exit [ 1, true ]
